#
# A fatal error has been detected by the Java Runtime Environment:
#
#  EXCEPTION_ACCESS_VIOLATION (0xc0000005) at pc=0x00007ffd09127d9c, pid=9180, tid=13348
#
# JRE version: Java(TM) SE Runtime Environment (10.0.1+10) (build 10.0.1+10)
# Java VM: Java HotSpot(TM) 64-Bit Server VM (10.0.1+10, mixed mode, tiered, compressed oops, g1 gc, windows-amd64)
# Problematic frame:
# C  [awt.dll+0x27d9c]
#
# No core dump will be written. Minidumps are not enabled by default on client versions of Windows
#
# If you would like to submit a bug report, please visit:
#   http://bugreport.java.com/bugreport/crash.jsp
# The crash happened outside the Java Virtual Machine in native code.
# See problematic frame for where to report the bug.
#

---------------  S U M M A R Y ------------

Command Line: -Dfile.encoding=Cp1252 com.tylerroyer.ttr_helper.driver.Driver

Host: Intel(R) Core(TM) i7-4770S CPU @ 3.10GHz, 8 cores, 11G,  Windows 10 , 64 bit Build 17134 (10.0.17134.1)
Time: Thu Dec 27 22:50:49 2018 Eastern Standard Time elapsed time: 20468 seconds (0d 5h 41m 8s)

---------------  T H R E A D  ---------------

Current thread (0x000001eb8b0fe000):  JavaThread "main" [_thread_in_native, id=13348, stack(0x0000006b13e00000,0x0000006b13f00000)]

Stack: [0x0000006b13e00000,0x0000006b13f00000],  sp=0x0000006b13eff1b8,  free space=1020k
Native frames: (J=compiled Java code, j=interpreted, Vv=VM code, C=native code)
C  [awt.dll+0x27d9c]

Java frames: (J=compiled Java code, j=interpreted, Vv=VM code)
J 1935  sun.awt.windows.WMouseInfoPeer.fillPointWithCoords(Ljava/awt/Point;)I java.desktop@10.0.1 (0 bytes) @ 0x000001eb9a437f8f [0x000001eb9a437f40+0x000000000000004f]
J 2393 c2 java.awt.MouseInfo.getPointerInfo()Ljava/awt/PointerInfo; java.desktop@10.0.1 (165 bytes) @ 0x000001eb9a45f390 [0x000001eb9a45f1e0+0x00000000000001b0]
J 2442 c2 com.tylerroyer.ttr_helper.display.InvasionsPanel$InvasionPanel.update()V (77 bytes) @ 0x000001eb9a46b4b8 [0x000001eb9a46b480+0x0000000000000038]
J 2525 c2 com.tylerroyer.ttr_helper.display.InvasionsPanel.doUpdate(Z)V (117 bytes) @ 0x000001eb9a480864 [0x000001eb9a4806a0+0x00000000000001c4]
J 2476% c2 com.tylerroyer.ttr_helper.driver.Driver.main([Ljava/lang/String;)V (43 bytes) @ 0x000001eb9a479790 [0x000001eb9a479680+0x0000000000000110]
v  ~StubRoutines::call_stub

siginfo: EXCEPTION_ACCESS_VIOLATION (0xc0000005), reading address 0x0000000000000008


Register to memory mapping:

RIP=0x00007ffd09127d9c awt.dll
RAX=0x0000000000000000 is an unknown value
RBX=0x000001ebac6c5c20 is an unknown value
RCX=0x0000000000000001 is an unknown value
RDX=0x0000000000000001 is an unknown value
RSP=0x0000006b13eff1b8 is pointing into the stack for thread: 0x000001eb8b0fe000
RBP=0x0000000000000001 is an unknown value
RSI=0x000001eb8b0fe270 is an unknown value
RDI=0x0000000000000001 is an unknown value
R8 =0x0000000000000001 is an unknown value
R9 =0x0000000000008000 is an unknown value
R10=0x000001ebacc419e0 is an unknown value
R11=0x0000006b13eff000 is pointing into the stack for thread: 0x000001eb8b0fe000
R12=0x0000000000000000 is an unknown value
R13=0x000000070ba74170 is an oop
java.awt.Point 
{0x000000070ba74170} - klass: 'java/awt/Point'
R14=0x0000006b13eff228 is pointing into the stack for thread: 0x000001eb8b0fe000
R15=0x000001eb8b0fe000 is a thread


Registers:
RAX=0x0000000000000000, RBX=0x000001ebac6c5c20, RCX=0x0000000000000001, RDX=0x0000000000000001
RSP=0x0000006b13eff1b8, RBP=0x0000000000000001, RSI=0x000001eb8b0fe270, RDI=0x0000000000000001
R8 =0x0000000000000001, R9 =0x0000000000008000, R10=0x000001ebacc419e0, R11=0x0000006b13eff000
R12=0x0000000000000000, R13=0x000000070ba74170, R14=0x0000006b13eff228, R15=0x000001eb8b0fe000
RIP=0x00007ffd09127d9c, EFLAGS=0x0000000000010297

Top of Stack: (sp=0x0000006b13eff1b8)
0x0000006b13eff1b8:   00007ffd0915680b 00007ffd09245888
0x0000006b13eff1c8:   0000006b13eff2c0 000001eb8b0fe270
0x0000006b13eff1d8:   000000006242021f 0000000000000002
0x0000006b13eff1e8:   000001ebbab31c78 00000007c0226c48
0x0000006b13eff1f8:   000001eb9a43802b 0000006b13eff2c0
0x0000006b13eff208:   0000006b13eff260 fffffffffffffffe
0x0000006b13eff218:   0000034e00000e7b 0000000705cfd300
0x0000006b13eff228:   000000070ba74248 000001eb8b0fe270
0x0000006b13eff238:   000001ebab5f3080 00000007c0226c48
0x0000006b13eff248:   00007ffd092523d8 fffffffffffffffe
0x0000006b13eff258:   0000000000000002 00000000e0b9fa60
0x0000006b13eff268:   000001eb9a45f390 000001ebabedfdc8
0x0000006b13eff278:   00000007c0226c48 000001eb8b0fe000
0x0000006b13eff288:   00000000000007b8 000000070519ea28
0x0000006b13eff298:   0000000100000002 000000070ba74248
0x0000006b13eff2a8:   000001eb9a4331f8 00000007c0246158 

Instructions: (pc=0x00007ffd09127d9c)
0x00007ffd09127d7c:   cc cc cc cc 48 8b c1 85 d2 78 05 3b 51 0c 7c 0a
0x00007ffd09127d8c:   45 85 c0 75 03 33 c0 c3 33 d2 48 8b 00 48 63 ca
0x00007ffd09127d9c:   48 8b 04 c8 c3 cc cc cc cc cc cc cc cc cc cc cc
0x00007ffd09127dac:   cc cc cc cc 40 57 48 83 ec 20 8b c2 48 8b f9 85 



---------------  P R O C E S S  ---------------

Threads class SMR info:
_java_thread_list=0x000001ebb9cd6b30, length=18, elements={
0x000001eb8b0fe000, 0x000001ebabf54800, 0x000001ebabf8d800, 0x000001ebabf97800,
0x000001ebabf9c000, 0x000001ebabf9d000, 0x000001ebabfa0000, 0x000001ebabfa0800,
0x000001ebabfa4800, 0x000001ebabfa7800, 0x000001ebac14d000, 0x000001ebac17b800,
0x000001ebac672800, 0x000001ebac75b000, 0x000001ebb97a7000, 0x000001ebb97a9800,
0x000001ebb97aa000, 0x000001ebb97a8800
}

Java Threads: ( => current thread )
=>0x000001eb8b0fe000 JavaThread "main" [_thread_in_native, id=13348, stack(0x0000006b13e00000,0x0000006b13f00000)]
  0x000001ebabf54800 JavaThread "Reference Handler" daemon [_thread_blocked, id=13064, stack(0x0000006b15400000,0x0000006b15500000)]
  0x000001ebabf8d800 JavaThread "Finalizer" daemon [_thread_blocked, id=7100, stack(0x0000006b15500000,0x0000006b15600000)]
  0x000001ebabf97800 JavaThread "Signal Dispatcher" daemon [_thread_blocked, id=7004, stack(0x0000006b15600000,0x0000006b15700000)]
  0x000001ebabf9c000 JavaThread "Attach Listener" daemon [_thread_blocked, id=8732, stack(0x0000006b15700000,0x0000006b15800000)]
  0x000001ebabf9d000 JavaThread "C2 CompilerThread0" daemon [_thread_blocked, id=11308, stack(0x0000006b15800000,0x0000006b15900000)]
  0x000001ebabfa0000 JavaThread "C2 CompilerThread1" daemon [_thread_blocked, id=5408, stack(0x0000006b15900000,0x0000006b15a00000)]
  0x000001ebabfa0800 JavaThread "C2 CompilerThread2" daemon [_thread_blocked, id=7676, stack(0x0000006b15a00000,0x0000006b15b00000)]
  0x000001ebabfa4800 JavaThread "C1 CompilerThread3" daemon [_thread_blocked, id=10800, stack(0x0000006b15b00000,0x0000006b15c00000)]
  0x000001ebabfa7800 JavaThread "Sweeper thread" daemon [_thread_blocked, id=12532, stack(0x0000006b15c00000,0x0000006b15d00000)]
  0x000001ebac14d000 JavaThread "Service Thread" daemon [_thread_blocked, id=1840, stack(0x0000006b15d00000,0x0000006b15e00000)]
  0x000001ebac17b800 JavaThread "Common-Cleaner" daemon [_thread_blocked, id=2412, stack(0x0000006b15e00000,0x0000006b15f00000)]
  0x000001ebac672800 JavaThread "Java2D Disposer" daemon [_thread_blocked, id=11068, stack(0x0000006b16000000,0x0000006b16100000)]
  0x000001ebac75b000 JavaThread "AWT-Windows" daemon [_thread_in_native, id=3708, stack(0x0000006b16200000,0x0000006b16300000)]
  0x000001ebb97a7000 JavaThread "AWT-Shutdown" [_thread_blocked, id=16268, stack(0x0000006b16100000,0x0000006b16200000)]
  0x000001ebb97a9800 JavaThread "AWT-EventQueue-0" [_thread_blocked, id=12068, stack(0x0000006b16560000,0x0000006b16660000)]
  0x000001ebb97aa000 JavaThread "D3D Screen Updater" daemon [_thread_blocked, id=5816, stack(0x0000006b16660000,0x0000006b16760000)]
  0x000001ebb97a8800 JavaThread "Keep-Alive-Timer" daemon [_thread_blocked, id=14488, stack(0x0000006b13c00000,0x0000006b13d00000)]

Other Threads:
  0x000001ebabf51000 VMThread "VM Thread" [stack: 0x0000006b15300000,0x0000006b15400000] [id=9036]
  0x000001ebac17c000 WatcherThread [stack: 0x0000006b15f00000,0x0000006b16000000] [id=10188]
  0x000001eb8b116000 GCTaskThread "GC Thread#0" [stack: 0x0000006b13f00000,0x0000006b14000000] [id=13212]
  0x000001eb8b118000 GCTaskThread "GC Thread#1" [stack: 0x0000006b14000000,0x0000006b14100000] [id=6436]
  0x000001eb8b11e000 GCTaskThread "GC Thread#2" [stack: 0x0000006b14100000,0x0000006b14200000] [id=4344]
  0x000001eb8b120000 GCTaskThread "GC Thread#3" [stack: 0x0000006b14200000,0x0000006b14300000] [id=408]
  0x000001eb8b122000 GCTaskThread "GC Thread#4" [stack: 0x0000006b14300000,0x0000006b14400000] [id=8744]
  0x000001eb8b126000 GCTaskThread "GC Thread#5" [stack: 0x0000006b14400000,0x0000006b14500000] [id=12488]
  0x000001eb8b12c000 GCTaskThread "GC Thread#6" [stack: 0x0000006b14500000,0x0000006b14600000] [id=11204]
  0x000001eb8b12d800 GCTaskThread "GC Thread#7" [stack: 0x0000006b14600000,0x0000006b14700000] [id=15644]
  0x000001eb8b1d9800 ConcurrentGCThread "G1 Main Marker" [stack: 0x0000006b14700000,0x0000006b14800000] [id=10424]
  0x000001eb8b12f800 ConcurrentGCThread "G1 Conc#0" [stack: 0x0000006b14800000,0x0000006b14900000] [id=8448]
  0x000001eb8b12f000 ConcurrentGCThread "G1 Conc#1" [stack: 0x0000006b14900000,0x0000006b14a00000] [id=6560]
  0x000001ebab5e9800 ConcurrentGCThread "G1 Refine#0" [stack: 0x0000006b14a00000,0x0000006b14b00000] [id=14384]
  0x000001ebab5ea800 ConcurrentGCThread "G1 Refine#1" [stack: 0x0000006b14b00000,0x0000006b14c00000] [id=11896]
  0x000001ebab5ed800 ConcurrentGCThread "G1 Refine#2" [stack: 0x0000006b14c00000,0x0000006b14d00000] [id=12168]
  0x000001ebab5ee800 ConcurrentGCThread "G1 Refine#3" [stack: 0x0000006b14d00000,0x0000006b14e00000] [id=12508]
  0x000001ebab5f4000 ConcurrentGCThread "G1 Refine#4" [stack: 0x0000006b14e00000,0x0000006b14f00000] [id=15416]
  0x000001ebab5fe800 ConcurrentGCThread "G1 Refine#5" [stack: 0x0000006b14f00000,0x0000006b15000000] [id=7528]
  0x000001ebab600000 ConcurrentGCThread "G1 Refine#6" [stack: 0x0000006b15000000,0x0000006b15100000] [id=13384]
  0x000001ebab609000 ConcurrentGCThread "G1 Refine#7" [stack: 0x0000006b15100000,0x0000006b15200000] [id=11312]
  0x000001ebab611800 ConcurrentGCThread "G1 Young RemSet Sampling" [stack: 0x0000006b15200000,0x0000006b15300000] [id=5308]

Threads with active compile tasks:

VM state:not at safepoint (normal execution)

VM Mutex/Monitor currently owned by a thread: None

Heap address: 0x0000000701e00000, size: 3042 MB, Compressed Oops mode: Zero based, Oop shift amount: 3
Narrow klass base: 0x0000000000000000, Narrow klass shift: 3
Compressed class space size: 1073741824 Address: 0x00000007c0000000

Heap:
 garbage-first heap   total 196608K, used 86084K [0x0000000701e00000, 0x00000007c0000000)
  region size 1024K, 37 young (37888K), 1 survivors (1024K)
 Metaspace       used 21794K, capacity 22056K, committed 23040K, reserved 1069056K
  class space    used 2110K, capacity 2254K, committed 2560K, reserved 1048576K
Heap Regions: E=young(eden), S=young(survivor), O=old, HS=humongous(starts), HC=humongous(continues), CS=collection set, F=free, A=archive, TS=gc time stamp, AC=allocation context, TAMS=top-at-mark-start (previous, next)
|   0|0x0000000701e00000, 0x0000000701f00000, 0x0000000701f00000|100%| O|  |TS  0|AC  0|TAMS 0x0000000701f00000, 0x0000000701f00000|
|   1|0x0000000701f00000, 0x0000000702000000, 0x0000000702000000|100%| O|  |TS  0|AC  0|TAMS 0x0000000702000000, 0x0000000702000000|
|   2|0x0000000702000000, 0x0000000702100000, 0x0000000702100000|100%| O|  |TS  0|AC  0|TAMS 0x0000000702100000, 0x0000000702100000|
|   3|0x0000000702100000, 0x0000000702200000, 0x0000000702200000|100%| O|  |TS  0|AC  0|TAMS 0x0000000702200000, 0x0000000702200000|
|   4|0x0000000702200000, 0x0000000702300000, 0x0000000702300000|100%|HS|  |TS  0|AC  0|TAMS 0x0000000702300000, 0x0000000702300000|
|   5|0x0000000702300000, 0x0000000702400000, 0x0000000702400000|100%|HS|  |TS775|AC  0|TAMS 0x0000000702300000, 0x0000000702300000|
|   6|0x0000000702400000, 0x0000000702500000, 0x0000000702500000|100%|HS|  |TS774|AC  0|TAMS 0x0000000702400000, 0x0000000702400000|
|   7|0x0000000702500000, 0x0000000702600000, 0x0000000702600000|100%|HS|  |TS773|AC  0|TAMS 0x0000000702500000, 0x0000000702500000|
|   8|0x0000000702600000, 0x0000000702600000, 0x0000000702700000|  0%| F|  |TS775|AC  0|TAMS 0x0000000702600000, 0x0000000702600000|
|   9|0x0000000702700000, 0x0000000702700000, 0x0000000702800000|  0%| F|  |TS775|AC  0|TAMS 0x0000000702700000, 0x0000000702700000|
|  10|0x0000000702800000, 0x0000000702900000, 0x0000000702900000|100%|HS|  |TS774|AC  0|TAMS 0x0000000702800000, 0x0000000702800000|
|  11|0x0000000702900000, 0x0000000702a00000, 0x0000000702a00000|100%|HS|  |TS774|AC  0|TAMS 0x0000000702900000, 0x0000000702900000|
|  12|0x0000000702a00000, 0x0000000702b00000, 0x0000000702b00000|100%|HS|  |TS774|AC  0|TAMS 0x0000000702a00000, 0x0000000702a00000|
|  13|0x0000000702b00000, 0x0000000702c00000, 0x0000000702c00000|100%|HS|  |TS773|AC  0|TAMS 0x0000000702b00000, 0x0000000702b00000|
|  14|0x0000000702c00000, 0x0000000702c00000, 0x0000000702d00000|  0%| F|  |TS775|AC  0|TAMS 0x0000000702c00000, 0x0000000702c00000|
|  15|0x0000000702d00000, 0x0000000702d00000, 0x0000000702e00000|  0%| F|  |TS775|AC  0|TAMS 0x0000000702d00000, 0x0000000702d00000|
|  16|0x0000000702e00000, 0x0000000702f00000, 0x0000000702f00000|100%|HS|  |TS774|AC  0|TAMS 0x0000000702e00000, 0x0000000702e00000|
|  17|0x0000000702f00000, 0x0000000703000000, 0x0000000703000000|100%|HS|  |TS774|AC  0|TAMS 0x0000000702f00000, 0x0000000702f00000|
|  18|0x0000000703000000, 0x0000000703100000, 0x0000000703100000|100%|HS|  |TS773|AC  0|TAMS 0x0000000703000000, 0x0000000703000000|
|  19|0x0000000703100000, 0x0000000703100000, 0x0000000703200000|  0%| F|  |TS775|AC  0|TAMS 0x0000000703100000, 0x0000000703100000|
|  20|0x0000000703200000, 0x0000000703200000, 0x0000000703300000|  0%| F|  |TS775|AC  0|TAMS 0x0000000703200000, 0x0000000703200000|
|  21|0x0000000703300000, 0x0000000703400000, 0x0000000703400000|100%|HS|  |TS774|AC  0|TAMS 0x0000000703300000, 0x0000000703300000|
|  22|0x0000000703400000, 0x0000000703500000, 0x0000000703500000|100%|HS|  |TS769|AC  0|TAMS 0x0000000703400000, 0x0000000703400000|
|  23|0x0000000703500000, 0x0000000703600000, 0x0000000703600000|100%|HS|  |TS768|AC  0|TAMS 0x0000000703500000, 0x0000000703500000|
|  24|0x0000000703600000, 0x0000000703700000, 0x0000000703700000|100%|HS|  |TS769|AC  0|TAMS 0x0000000703600000, 0x0000000703600000|
|  25|0x0000000703700000, 0x0000000703800000, 0x0000000703800000|100%|HS|  |TS769|AC  0|TAMS 0x0000000703700000, 0x0000000703700000|
|  26|0x0000000703800000, 0x0000000703900000, 0x0000000703900000|100%|HS|  |TS770|AC  0|TAMS 0x0000000703800000, 0x0000000703800000|
|  27|0x0000000703900000, 0x0000000703a00000, 0x0000000703a00000|100%|HS|  |TS769|AC  0|TAMS 0x0000000703900000, 0x0000000703900000|
|  28|0x0000000703a00000, 0x0000000703a00000, 0x0000000703b00000|  0%| F|  |TS737|AC  0|TAMS 0x0000000703a00000, 0x0000000703a00000|
|  29|0x0000000703b00000, 0x0000000703b00000, 0x0000000703c00000|  0%| F|  |TS738|AC  0|TAMS 0x0000000703b00000, 0x0000000703b00000|
|  30|0x0000000703c00000, 0x0000000703c00000, 0x0000000703d00000|  0%| F|  |TS737|AC  0|TAMS 0x0000000703c00000, 0x0000000703c00000|
|  31|0x0000000703d00000, 0x0000000703d00000, 0x0000000703e00000|  0%| F|  |TS738|AC  0|TAMS 0x0000000703d00000, 0x0000000703d00000|
|  32|0x0000000703e00000, 0x0000000703e00000, 0x0000000703f00000|  0%| F|  |TS737|AC  0|TAMS 0x0000000703e00000, 0x0000000703e00000|
|  33|0x0000000703f00000, 0x0000000703f00000, 0x0000000704000000|  0%| F|  |TS738|AC  0|TAMS 0x0000000703f00000, 0x0000000703f00000|
|  34|0x0000000704000000, 0x0000000704000000, 0x0000000704100000|  0%| F|  |TS737|AC  0|TAMS 0x0000000704000000, 0x0000000704000000|
|  35|0x0000000704100000, 0x0000000704100000, 0x0000000704200000|  0%| F|  |TS 10|AC  0|TAMS 0x0000000704100000, 0x0000000704100000|
|  36|0x0000000704200000, 0x0000000704200000, 0x0000000704300000|  0%| F|  |TS 11|AC  0|TAMS 0x0000000704200000, 0x0000000704200000|
|  37|0x0000000704300000, 0x0000000704300000, 0x0000000704400000|  0%| F|  |TS 10|AC  0|TAMS 0x0000000704300000, 0x0000000704300000|
|  38|0x0000000704400000, 0x0000000704400000, 0x0000000704500000|  0%| F|  |TS 11|AC  0|TAMS 0x0000000704400000, 0x0000000704400000|
|  39|0x0000000704500000, 0x0000000704600000, 0x0000000704600000|100%| O|  |TS  0|AC  0|TAMS 0x0000000704600000, 0x0000000704600000|
|  40|0x0000000704600000, 0x0000000704700000, 0x0000000704700000|100%| O|  |TS  0|AC  0|TAMS 0x0000000704700000, 0x0000000704700000|
|  41|0x0000000704700000, 0x0000000704800000, 0x0000000704800000|100%| O|  |TS  0|AC  0|TAMS 0x0000000704800000, 0x0000000704800000|
|  42|0x0000000704800000, 0x0000000704900000, 0x0000000704900000|100%| O|  |TS  0|AC  0|TAMS 0x0000000704900000, 0x0000000704900000|
|  43|0x0000000704900000, 0x0000000704a00000, 0x0000000704a00000|100%| O|  |TS  0|AC  0|TAMS 0x0000000704a00000, 0x0000000704a00000|
|  44|0x0000000704a00000, 0x0000000704b00000, 0x0000000704b00000|100%| O|  |TS  0|AC  0|TAMS 0x0000000704b00000, 0x0000000704b00000|
|  45|0x0000000704b00000, 0x0000000704c00000, 0x0000000704c00000|100%| O|  |TS  0|AC  0|TAMS 0x0000000704c00000, 0x0000000704c00000|
|  46|0x0000000704c00000, 0x0000000704d00000, 0x0000000704d00000|100%| O|  |TS  0|AC  0|TAMS 0x0000000704d00000, 0x0000000704d00000|
|  47|0x0000000704d00000, 0x0000000704e00000, 0x0000000704e00000|100%| O|  |TS  0|AC  0|TAMS 0x0000000704e00000, 0x0000000704e00000|
|  48|0x0000000704e00000, 0x0000000704f00000, 0x0000000704f00000|100%| O|  |TS  0|AC  0|TAMS 0x0000000704f00000, 0x0000000704f00000|
|  49|0x0000000704f00000, 0x0000000705000000, 0x0000000705000000|100%| O|  |TS  0|AC  0|TAMS 0x0000000705000000, 0x0000000705000000|
|  50|0x0000000705000000, 0x0000000705100000, 0x0000000705100000|100%| O|  |TS  0|AC  0|TAMS 0x0000000705100000, 0x0000000705100000|
|  51|0x0000000705100000, 0x0000000705200000, 0x0000000705200000|100%| O|  |TS  0|AC  0|TAMS 0x0000000705200000, 0x0000000705200000|
|  52|0x0000000705200000, 0x0000000705200000, 0x0000000705300000|  0%| F|  |TS 10|AC  0|TAMS 0x0000000705200000, 0x0000000705200000|
|  53|0x0000000705300000, 0x0000000705300000, 0x0000000705400000|  0%| F|  |TS 11|AC  0|TAMS 0x0000000705300000, 0x0000000705300000|
|  54|0x0000000705400000, 0x0000000705400000, 0x0000000705500000|  0%| F|  |TS 10|AC  0|TAMS 0x0000000705400000, 0x0000000705400000|
|  55|0x0000000705500000, 0x0000000705500000, 0x0000000705600000|  0%| F|  |TS  0|AC  0|TAMS 0x0000000705500000, 0x0000000705500000|
|  56|0x0000000705600000, 0x0000000705600000, 0x0000000705700000|  0%| F|  |TS  0|AC  0|TAMS 0x0000000705600000, 0x0000000705600000|
|  57|0x0000000705700000, 0x0000000705700000, 0x0000000705800000|  0%| F|  |TS  0|AC  0|TAMS 0x0000000705700000, 0x0000000705700000|
|  58|0x0000000705800000, 0x0000000705800000, 0x0000000705900000|  0%| F|  |TS  3|AC  0|TAMS 0x0000000705800000, 0x0000000705800000|
|  59|0x0000000705900000, 0x0000000705a00000, 0x0000000705a00000|100%| O|  |TS  0|AC  0|TAMS 0x0000000705a00000, 0x0000000705a00000|
|  60|0x0000000705a00000, 0x0000000705b00000, 0x0000000705b00000|100%| O|  |TS  0|AC  0|TAMS 0x0000000705b00000, 0x0000000705b00000|
|  61|0x0000000705b00000, 0x0000000705c00000, 0x0000000705c00000|100%| O|  |TS  0|AC  0|TAMS 0x0000000705c00000, 0x0000000705c00000|
|  62|0x0000000705c00000, 0x0000000705d00000, 0x0000000705d00000|100%| O|  |TS  0|AC  0|TAMS 0x0000000705d00000, 0x0000000705d00000|
|  63|0x0000000705d00000, 0x0000000705e00000, 0x0000000705e00000|100%| O|  |TS  0|AC  0|TAMS 0x0000000705e00000, 0x0000000705e00000|
|  64|0x0000000705e00000, 0x0000000705f00000, 0x0000000705f00000|100%| O|  |TS  0|AC  0|TAMS 0x0000000705f00000, 0x0000000705f00000|
|  65|0x0000000705f00000, 0x0000000706000000, 0x0000000706000000|100%| O|  |TS  0|AC  0|TAMS 0x0000000706000000, 0x0000000706000000|
|  66|0x0000000706000000, 0x0000000706100000, 0x0000000706100000|100%| O|  |TS  0|AC  0|TAMS 0x0000000706100000, 0x0000000706100000|
|  67|0x0000000706100000, 0x0000000706100000, 0x0000000706200000|  0%| F|  |TS  2|AC  0|TAMS 0x0000000706100000, 0x0000000706100000|
|  68|0x0000000706200000, 0x0000000706200000, 0x0000000706300000|  0%| F|  |TS  2|AC  0|TAMS 0x0000000706200000, 0x0000000706200000|
|  69|0x0000000706300000, 0x0000000706300000, 0x0000000706400000|  0%| F|  |TS  2|AC  0|TAMS 0x0000000706300000, 0x0000000706300000|
|  70|0x0000000706400000, 0x0000000706429ec0, 0x0000000706500000| 16%| S|CS|TS775|AC  0|TAMS 0x0000000706400000, 0x0000000706400000|
|  71|0x0000000706500000, 0x0000000706500000, 0x0000000706600000|  0%| F|  |TS775|AC  0|TAMS 0x0000000706500000, 0x0000000706500000|
|  72|0x0000000706600000, 0x0000000706600000, 0x0000000706700000|  0%| F|  |TS775|AC  0|TAMS 0x0000000706600000, 0x0000000706600000|
|  73|0x0000000706700000, 0x0000000706700000, 0x0000000706800000|  0%| F|  |TS775|AC  0|TAMS 0x0000000706700000, 0x0000000706700000|
|  74|0x0000000706800000, 0x0000000706800000, 0x0000000706900000|  0%| F|  |TS775|AC  0|TAMS 0x0000000706800000, 0x0000000706800000|
|  75|0x0000000706900000, 0x0000000706900000, 0x0000000706a00000|  0%| F|  |TS775|AC  0|TAMS 0x0000000706900000, 0x0000000706900000|
|  76|0x0000000706a00000, 0x0000000706b00000, 0x0000000706b00000|100%| O|  |TS  0|AC  0|TAMS 0x0000000706b00000, 0x0000000706b00000|
|  77|0x0000000706b00000, 0x0000000706b00000, 0x0000000706c00000|  0%| F|  |TS775|AC  0|TAMS 0x0000000706b00000, 0x0000000706b00000|
|  78|0x0000000706c00000, 0x0000000706c00000, 0x0000000706d00000|  0%| F|  |TS775|AC  0|TAMS 0x0000000706c00000, 0x0000000706c00000|
|  79|0x0000000706d00000, 0x0000000706d00000, 0x0000000706e00000|  0%| F|  |TS775|AC  0|TAMS 0x0000000706d00000, 0x0000000706d00000|
|  80|0x0000000706e00000, 0x0000000706e00000, 0x0000000706f00000|  0%| F|  |TS775|AC  0|TAMS 0x0000000706e00000, 0x0000000706e00000|
|  81|0x0000000706f00000, 0x0000000707000000, 0x0000000707000000|100%| O|  |TS  0|AC  0|TAMS 0x0000000707000000, 0x0000000707000000|
|  82|0x0000000707000000, 0x0000000707100000, 0x0000000707100000|100%| O|  |TS  0|AC  0|TAMS 0x0000000707100000, 0x0000000707100000|
|  83|0x0000000707100000, 0x0000000707200000, 0x0000000707200000|100%| O|  |TS  0|AC  0|TAMS 0x0000000707200000, 0x0000000707200000|
|  84|0x0000000707200000, 0x0000000707300000, 0x0000000707300000|100%| O|  |TS  0|AC  0|TAMS 0x0000000707300000, 0x0000000707300000|
|  85|0x0000000707300000, 0x0000000707300000, 0x0000000707400000|  0%| F|  |TS775|AC  0|TAMS 0x0000000707300000, 0x0000000707300000|
|  86|0x0000000707400000, 0x00000007074e7400, 0x0000000707500000| 90%| O|  |TS775|AC  0|TAMS 0x00000007074ac200, 0x00000007074ac200|
|  87|0x0000000707500000, 0x0000000707500000, 0x0000000707600000|  0%| F|  |TS775|AC  0|TAMS 0x0000000707500000, 0x0000000707500000|
|  88|0x0000000707600000, 0x0000000707600000, 0x0000000707700000|  0%| F|  |TS775|AC  0|TAMS 0x0000000707600000, 0x0000000707600000|
|  89|0x0000000707700000, 0x0000000707700000, 0x0000000707800000|  0%| F|  |TS775|AC  0|TAMS 0x0000000707700000, 0x0000000707700000|
|  90|0x0000000707800000, 0x0000000707800000, 0x0000000707900000|  0%| F|  |TS775|AC  0|TAMS 0x0000000707800000, 0x0000000707800000|
|  91|0x0000000707900000, 0x0000000707900000, 0x0000000707a00000|  0%| F|  |TS775|AC  0|TAMS 0x0000000707900000, 0x0000000707900000|
|  92|0x0000000707a00000, 0x0000000707a00000, 0x0000000707b00000|  0%| F|  |TS775|AC  0|TAMS 0x0000000707a00000, 0x0000000707a00000|
|  93|0x0000000707b00000, 0x0000000707b00000, 0x0000000707c00000|  0%| F|  |TS775|AC  0|TAMS 0x0000000707b00000, 0x0000000707b00000|
|  94|0x0000000707c00000, 0x0000000707c00000, 0x0000000707d00000|  0%| F|  |TS775|AC  0|TAMS 0x0000000707c00000, 0x0000000707c00000|
|  95|0x0000000707d00000, 0x0000000707d00000, 0x0000000707e00000|  0%| F|  |TS775|AC  0|TAMS 0x0000000707d00000, 0x0000000707d00000|
|  96|0x0000000707e00000, 0x0000000707e00000, 0x0000000707f00000|  0%| F|  |TS775|AC  0|TAMS 0x0000000707e00000, 0x0000000707e00000|
|  97|0x0000000707f00000, 0x0000000707f00000, 0x0000000708000000|  0%| F|  |TS775|AC  0|TAMS 0x0000000707f00000, 0x0000000707f00000|
|  98|0x0000000708000000, 0x0000000708000000, 0x0000000708100000|  0%| F|  |TS775|AC  0|TAMS 0x0000000708000000, 0x0000000708000000|
|  99|0x0000000708100000, 0x0000000708100000, 0x0000000708200000|  0%| F|  |TS775|AC  0|TAMS 0x0000000708100000, 0x0000000708100000|
| 100|0x0000000708200000, 0x0000000708200000, 0x0000000708300000|  0%| F|  |TS775|AC  0|TAMS 0x0000000708200000, 0x0000000708200000|
| 101|0x0000000708300000, 0x0000000708300000, 0x0000000708400000|  0%| F|  |TS775|AC  0|TAMS 0x0000000708300000, 0x0000000708300000|
| 102|0x0000000708400000, 0x0000000708400000, 0x0000000708500000|  0%| F|  |TS775|AC  0|TAMS 0x0000000708400000, 0x0000000708400000|
| 103|0x0000000708500000, 0x0000000708500000, 0x0000000708600000|  0%| F|  |TS775|AC  0|TAMS 0x0000000708500000, 0x0000000708500000|
| 104|0x0000000708600000, 0x0000000708600000, 0x0000000708700000|  0%| F|  |TS775|AC  0|TAMS 0x0000000708600000, 0x0000000708600000|
| 105|0x0000000708700000, 0x0000000708700000, 0x0000000708800000|  0%| F|  |TS775|AC  0|TAMS 0x0000000708700000, 0x0000000708700000|
| 106|0x0000000708800000, 0x0000000708800000, 0x0000000708900000|  0%| F|  |TS775|AC  0|TAMS 0x0000000708800000, 0x0000000708800000|
| 107|0x0000000708900000, 0x0000000708900000, 0x0000000708a00000|  0%| F|  |TS775|AC  0|TAMS 0x0000000708900000, 0x0000000708900000|
| 108|0x0000000708a00000, 0x0000000708a00000, 0x0000000708b00000|  0%| F|  |TS775|AC  0|TAMS 0x0000000708a00000, 0x0000000708a00000|
| 109|0x0000000708b00000, 0x0000000708b00000, 0x0000000708c00000|  0%| F|  |TS775|AC  0|TAMS 0x0000000708b00000, 0x0000000708b00000|
| 110|0x0000000708c00000, 0x0000000708c00000, 0x0000000708d00000|  0%| F|  |TS775|AC  0|TAMS 0x0000000708c00000, 0x0000000708c00000|
| 111|0x0000000708d00000, 0x0000000708d00000, 0x0000000708e00000|  0%| F|  |TS775|AC  0|TAMS 0x0000000708d00000, 0x0000000708d00000|
| 112|0x0000000708e00000, 0x0000000708e00000, 0x0000000708f00000|  0%| F|  |TS775|AC  0|TAMS 0x0000000708e00000, 0x0000000708e00000|
| 113|0x0000000708f00000, 0x0000000708f00000, 0x0000000709000000|  0%| F|  |TS775|AC  0|TAMS 0x0000000708f00000, 0x0000000708f00000|
| 114|0x0000000709000000, 0x0000000709000000, 0x0000000709100000|  0%| F|  |TS775|AC  0|TAMS 0x0000000709000000, 0x0000000709000000|
| 115|0x0000000709100000, 0x0000000709100000, 0x0000000709200000|  0%| F|  |TS775|AC  0|TAMS 0x0000000709100000, 0x0000000709100000|
| 116|0x0000000709200000, 0x0000000709200000, 0x0000000709300000|  0%| F|  |TS775|AC  0|TAMS 0x0000000709200000, 0x0000000709200000|
| 117|0x0000000709300000, 0x0000000709300000, 0x0000000709400000|  0%| F|  |TS775|AC  0|TAMS 0x0000000709300000, 0x0000000709300000|
| 118|0x0000000709400000, 0x0000000709400000, 0x0000000709500000|  0%| F|  |TS775|AC  0|TAMS 0x0000000709400000, 0x0000000709400000|
| 119|0x0000000709500000, 0x0000000709500000, 0x0000000709600000|  0%| F|  |TS775|AC  0|TAMS 0x0000000709500000, 0x0000000709500000|
| 120|0x0000000709600000, 0x0000000709600000, 0x0000000709700000|  0%| F|  |TS775|AC  0|TAMS 0x0000000709600000, 0x0000000709600000|
| 121|0x0000000709700000, 0x0000000709700000, 0x0000000709800000|  0%| F|  |TS775|AC  0|TAMS 0x0000000709700000, 0x0000000709700000|
| 122|0x0000000709800000, 0x0000000709800000, 0x0000000709900000|  0%| F|  |TS775|AC  0|TAMS 0x0000000709800000, 0x0000000709800000|
| 123|0x0000000709900000, 0x0000000709900000, 0x0000000709a00000|  0%| F|  |TS775|AC  0|TAMS 0x0000000709900000, 0x0000000709900000|
| 124|0x0000000709a00000, 0x0000000709a00000, 0x0000000709b00000|  0%| F|  |TS775|AC  0|TAMS 0x0000000709a00000, 0x0000000709a00000|
| 125|0x0000000709b00000, 0x0000000709b00000, 0x0000000709c00000|  0%| F|  |TS775|AC  0|TAMS 0x0000000709b00000, 0x0000000709b00000|
| 126|0x0000000709c00000, 0x0000000709c00000, 0x0000000709d00000|  0%| F|  |TS775|AC  0|TAMS 0x0000000709c00000, 0x0000000709c00000|
| 127|0x0000000709d00000, 0x0000000709d00000, 0x0000000709e00000|  0%| F|  |TS775|AC  0|TAMS 0x0000000709d00000, 0x0000000709d00000|
| 128|0x0000000709e00000, 0x0000000709e00000, 0x0000000709f00000|  0%| F|  |TS775|AC  0|TAMS 0x0000000709e00000, 0x0000000709e00000|
| 129|0x0000000709f00000, 0x0000000709f00000, 0x000000070a000000|  0%| F|  |TS775|AC  0|TAMS 0x0000000709f00000, 0x0000000709f00000|
| 130|0x000000070a000000, 0x000000070a000000, 0x000000070a100000|  0%| F|  |TS775|AC  0|TAMS 0x000000070a000000, 0x000000070a000000|
| 131|0x000000070a100000, 0x000000070a100000, 0x000000070a200000|  0%| F|  |TS775|AC  0|TAMS 0x000000070a100000, 0x000000070a100000|
| 132|0x000000070a200000, 0x000000070a200000, 0x000000070a300000|  0%| F|  |TS775|AC  0|TAMS 0x000000070a200000, 0x000000070a200000|
| 133|0x000000070a300000, 0x000000070a300000, 0x000000070a400000|  0%| F|  |TS775|AC  0|TAMS 0x000000070a300000, 0x000000070a300000|
| 134|0x000000070a400000, 0x000000070a400000, 0x000000070a500000|  0%| F|  |TS775|AC  0|TAMS 0x000000070a400000, 0x000000070a400000|
| 135|0x000000070a500000, 0x000000070a500000, 0x000000070a600000|  0%| F|  |TS775|AC  0|TAMS 0x000000070a500000, 0x000000070a500000|
| 136|0x000000070a600000, 0x000000070a600000, 0x000000070a700000|  0%| F|  |TS775|AC  0|TAMS 0x000000070a600000, 0x000000070a600000|
| 137|0x000000070a700000, 0x000000070a700000, 0x000000070a800000|  0%| F|  |TS775|AC  0|TAMS 0x000000070a700000, 0x000000070a700000|
| 138|0x000000070a800000, 0x000000070a800000, 0x000000070a900000|  0%| F|  |TS775|AC  0|TAMS 0x000000070a800000, 0x000000070a800000|
| 139|0x000000070a900000, 0x000000070a900000, 0x000000070aa00000|  0%| F|  |TS775|AC  0|TAMS 0x000000070a900000, 0x000000070a900000|
| 140|0x000000070aa00000, 0x000000070aa00000, 0x000000070ab00000|  0%| F|  |TS775|AC  0|TAMS 0x000000070aa00000, 0x000000070aa00000|
| 141|0x000000070ab00000, 0x000000070ab00000, 0x000000070ac00000|  0%| F|  |TS775|AC  0|TAMS 0x000000070ab00000, 0x000000070ab00000|
| 142|0x000000070ac00000, 0x000000070ac00000, 0x000000070ad00000|  0%| F|  |TS775|AC  0|TAMS 0x000000070ac00000, 0x000000070ac00000|
| 143|0x000000070ad00000, 0x000000070ad00000, 0x000000070ae00000|  0%| F|  |TS775|AC  0|TAMS 0x000000070ad00000, 0x000000070ad00000|
| 144|0x000000070ae00000, 0x000000070ae00000, 0x000000070af00000|  0%| F|  |TS775|AC  0|TAMS 0x000000070ae00000, 0x000000070ae00000|
| 145|0x000000070af00000, 0x000000070af00000, 0x000000070b000000|  0%| F|  |TS775|AC  0|TAMS 0x000000070af00000, 0x000000070af00000|
| 146|0x000000070b000000, 0x000000070b000000, 0x000000070b100000|  0%| F|  |TS775|AC  0|TAMS 0x000000070b000000, 0x000000070b000000|
| 147|0x000000070b100000, 0x000000070b100000, 0x000000070b200000|  0%| F|  |TS775|AC  0|TAMS 0x000000070b100000, 0x000000070b100000|
| 148|0x000000070b200000, 0x000000070b200000, 0x000000070b300000|  0%| F|  |TS775|AC  0|TAMS 0x000000070b200000, 0x000000070b200000|
| 149|0x000000070b300000, 0x000000070b300000, 0x000000070b400000|  0%| F|  |TS775|AC  0|TAMS 0x000000070b300000, 0x000000070b300000|
| 150|0x000000070b400000, 0x000000070b400000, 0x000000070b500000|  0%| F|  |TS775|AC  0|TAMS 0x000000070b400000, 0x000000070b400000|
| 151|0x000000070b500000, 0x000000070b500000, 0x000000070b600000|  0%| F|  |TS775|AC  0|TAMS 0x000000070b500000, 0x000000070b500000|
| 152|0x000000070b600000, 0x000000070b600000, 0x000000070b700000|  0%| F|  |TS775|AC  0|TAMS 0x000000070b600000, 0x000000070b600000|
| 153|0x000000070b700000, 0x000000070b700000, 0x000000070b800000|  0%| F|  |TS775|AC  0|TAMS 0x000000070b700000, 0x000000070b700000|
| 154|0x000000070b800000, 0x000000070b800000, 0x000000070b900000|  0%| F|  |TS775|AC  0|TAMS 0x000000070b800000, 0x000000070b800000|
| 155|0x000000070b900000, 0x000000070b900000, 0x000000070ba00000|  0%| F|  |TS775|AC  0|TAMS 0x000000070b900000, 0x000000070b900000|
| 156|0x000000070ba00000, 0x000000070ba80800, 0x000000070bb00000| 50%| E|  |TS775|AC  0|TAMS 0x000000070ba00000, 0x000000070ba00000|
| 157|0x000000070bb00000, 0x000000070bc00000, 0x000000070bc00000|100%| E|CS|TS775|AC  0|TAMS 0x000000070bb00000, 0x000000070bb00000|
| 158|0x000000070bc00000, 0x000000070bd00000, 0x000000070bd00000|100%| E|CS|TS775|AC  0|TAMS 0x000000070bc00000, 0x000000070bc00000|
| 159|0x000000070bd00000, 0x000000070be00000, 0x000000070be00000|100%| E|CS|TS775|AC  0|TAMS 0x000000070bd00000, 0x000000070bd00000|
| 160|0x000000070be00000, 0x000000070bf00000, 0x000000070bf00000|100%| E|CS|TS775|AC  0|TAMS 0x000000070be00000, 0x000000070be00000|
| 161|0x000000070bf00000, 0x000000070c000000, 0x000000070c000000|100%| E|CS|TS775|AC  0|TAMS 0x000000070bf00000, 0x000000070bf00000|
| 162|0x000000070c000000, 0x000000070c100000, 0x000000070c100000|100%| E|CS|TS775|AC  0|TAMS 0x000000070c000000, 0x000000070c000000|
| 163|0x000000070c100000, 0x000000070c200000, 0x000000070c200000|100%| E|CS|TS775|AC  0|TAMS 0x000000070c100000, 0x000000070c100000|
| 164|0x000000070c200000, 0x000000070c300000, 0x000000070c300000|100%| E|CS|TS775|AC  0|TAMS 0x000000070c200000, 0x000000070c200000|
| 165|0x000000070c300000, 0x000000070c400000, 0x000000070c400000|100%| E|CS|TS775|AC  0|TAMS 0x000000070c300000, 0x000000070c300000|
| 166|0x000000070c400000, 0x000000070c500000, 0x000000070c500000|100%| E|CS|TS775|AC  0|TAMS 0x000000070c400000, 0x000000070c400000|
| 167|0x000000070c500000, 0x000000070c600000, 0x000000070c600000|100%| E|CS|TS775|AC  0|TAMS 0x000000070c500000, 0x000000070c500000|
| 168|0x000000070c600000, 0x000000070c700000, 0x000000070c700000|100%| E|CS|TS775|AC  0|TAMS 0x000000070c600000, 0x000000070c600000|
| 169|0x000000070c700000, 0x000000070c800000, 0x000000070c800000|100%| E|CS|TS775|AC  0|TAMS 0x000000070c700000, 0x000000070c700000|
| 170|0x000000070c800000, 0x000000070c900000, 0x000000070c900000|100%| E|CS|TS775|AC  0|TAMS 0x000000070c800000, 0x000000070c800000|
| 171|0x000000070c900000, 0x000000070ca00000, 0x000000070ca00000|100%| E|CS|TS775|AC  0|TAMS 0x000000070c900000, 0x000000070c900000|
| 172|0x000000070ca00000, 0x000000070cb00000, 0x000000070cb00000|100%| E|CS|TS775|AC  0|TAMS 0x000000070ca00000, 0x000000070ca00000|
| 173|0x000000070cb00000, 0x000000070cc00000, 0x000000070cc00000|100%| E|CS|TS775|AC  0|TAMS 0x000000070cb00000, 0x000000070cb00000|
| 174|0x000000070cc00000, 0x000000070cd00000, 0x000000070cd00000|100%| E|CS|TS775|AC  0|TAMS 0x000000070cc00000, 0x000000070cc00000|
| 175|0x000000070cd00000, 0x000000070ce00000, 0x000000070ce00000|100%| E|CS|TS775|AC  0|TAMS 0x000000070cd00000, 0x000000070cd00000|
| 176|0x000000070ce00000, 0x000000070cf00000, 0x000000070cf00000|100%| E|CS|TS775|AC  0|TAMS 0x000000070ce00000, 0x000000070ce00000|
| 177|0x000000070cf00000, 0x000000070d000000, 0x000000070d000000|100%| E|CS|TS775|AC  0|TAMS 0x000000070cf00000, 0x000000070cf00000|
| 178|0x000000070d000000, 0x000000070d100000, 0x000000070d100000|100%| E|CS|TS775|AC  0|TAMS 0x000000070d000000, 0x000000070d000000|
| 179|0x000000070d100000, 0x000000070d200000, 0x000000070d200000|100%| E|CS|TS775|AC  0|TAMS 0x000000070d100000, 0x000000070d100000|
| 180|0x000000070d200000, 0x000000070d300000, 0x000000070d300000|100%| E|CS|TS775|AC  0|TAMS 0x000000070d200000, 0x000000070d200000|
| 181|0x000000070d300000, 0x000000070d400000, 0x000000070d400000|100%| E|CS|TS775|AC  0|TAMS 0x000000070d300000, 0x000000070d300000|
| 182|0x000000070d400000, 0x000000070d500000, 0x000000070d500000|100%| E|CS|TS775|AC  0|TAMS 0x000000070d400000, 0x000000070d400000|
| 183|0x000000070d500000, 0x000000070d600000, 0x000000070d600000|100%| E|CS|TS775|AC  0|TAMS 0x000000070d500000, 0x000000070d500000|
| 184|0x000000070d600000, 0x000000070d700000, 0x000000070d700000|100%| E|CS|TS775|AC  0|TAMS 0x000000070d600000, 0x000000070d600000|
| 185|0x000000070d700000, 0x000000070d800000, 0x000000070d800000|100%| E|CS|TS775|AC  0|TAMS 0x000000070d700000, 0x000000070d700000|
| 186|0x000000070d800000, 0x000000070d900000, 0x000000070d900000|100%| E|CS|TS775|AC  0|TAMS 0x000000070d800000, 0x000000070d800000|
| 187|0x000000070d900000, 0x000000070da00000, 0x000000070da00000|100%| E|CS|TS775|AC  0|TAMS 0x000000070d900000, 0x000000070d900000|
| 188|0x000000070da00000, 0x000000070db00000, 0x000000070db00000|100%| E|CS|TS775|AC  0|TAMS 0x000000070da00000, 0x000000070da00000|
| 189|0x000000070db00000, 0x000000070dc00000, 0x000000070dc00000|100%| E|CS|TS775|AC  0|TAMS 0x000000070db00000, 0x000000070db00000|
| 190|0x000000070dc00000, 0x000000070dd00000, 0x000000070dd00000|100%| E|CS|TS775|AC  0|TAMS 0x000000070dc00000, 0x000000070dc00000|
| 191|0x000000070dd00000, 0x000000070de00000, 0x000000070de00000|100%| E|CS|TS775|AC  0|TAMS 0x000000070dd00000, 0x000000070dd00000|

Card table byte_map: [0x000001eba20d0000,0x000001eba26d0000] byte_map_base: 0x000001eb9e8c1000

Marking Bits (Prev, Next): (CMBitMap*) 0x000001eb8b1d8c10, (CMBitMap*) 0x000001eb8b1d8c48
 Prev Bits: [0x000001eba2cd0000, 0x000001eba5c58000)
 Next Bits: [0x000001eba5c60000, 0x000001eba8be8000)

Polling page: 0x000001eb88ee0000

CodeHeap 'non-profiled nmethods': size=120000Kb used=5089Kb max_used=5089Kb free=114910Kb
 bounds [0x000001eb9a380000, 0x000001eb9a880000, 0x000001eba18b0000]
CodeHeap 'profiled nmethods': size=120000Kb used=8658Kb max_used=9950Kb free=111341Kb
 bounds [0x000001eb92e50000, 0x000001eb93830000, 0x000001eb9a380000]
CodeHeap 'non-nmethods': size=5760Kb used=1245Kb max_used=1294Kb free=4514Kb
 bounds [0x000001eb928b0000, 0x000001eb92b20000, 0x000001eb92e50000]
 total_blobs=8876 nmethods=4647 adapters=539
 compilation: enabled

Compilation events (10 events):
Event: 19395.508 Thread 0x000001ebabf9d000 nmethod 5889 0x000001eb9a875390 code [0x000001eb9a8755a0, 0x000001eb9a875d70]
Event: 19395.510 Thread 0x000001ebabfa0800 nmethod 5888 0x000001eb9a876310 code [0x000001eb9a8764e0, 0x000001eb9a876d78]
Event: 19416.071 Thread 0x000001ebabfa0000 5890       4       sun.security.ssl.OCSPStatusRequest::send (136 bytes)
Event: 19416.086 Thread 0x000001ebabfa0000 nmethod 5890 0x000001eb9a877010 code [0x000001eb9a877200, 0x000001eb9a8775a8]
Event: 19550.415 Thread 0x000001ebabf9d000 5891       4       sun.security.ssl.ProtocolVersion::compareTo (9 bytes)
Event: 19550.416 Thread 0x000001ebabf9d000 nmethod 5891 0x000001eb9a877990 code [0x000001eb9a877b20, 0x000001eb9a877bf8]
Event: 19927.343 Thread 0x000001ebabfa0000 5892       4       jdk.internal.ref.CleanerImpl$PhantomCleanableRef::performCleanup (10 bytes)
Event: 19927.344 Thread 0x000001ebabfa0000 nmethod 5892 0x000001eb9a877d10 code [0x000001eb9a877ea0, 0x000001eb9a877f38]
Event: 20268.062 Thread 0x000001ebabfa0800 5893       4       java.security.MessageDigest$Delegate::engineUpdate (9 bytes)
Event: 20268.074 Thread 0x000001ebabfa0800 nmethod 5893 0x000001eb9a878010 code [0x000001eb9a8781e0, 0x000001eb9a8788b8]

GC Heap History (10 events):
Event: 20418.085 GC heap before
{Heap before GC invocations=2338 (full 0):
 garbage-first heap   total 196608K, used 166933K [0x0000000701e00000, 0x00000007c0000000)
  region size 1024K, 115 young (117760K), 1 survivors (1024K)
 Metaspace       used 21794K, capacity 22056K, committed 23040K, reserved 1069056K
  class space    used 2110K, capacity 2254K, committed 2560K, reserved 1048576K
}
Event: 20418.086 GC heap after
{Heap after GC invocations=2339 (full 0):
 garbage-first heap   total 196608K, used 43027K [0x0000000701e00000, 0x00000007c0000000)
  region size 1024K, 1 young (1024K), 1 survivors (1024K)
 Metaspace       used 21794K, capacity 22056K, committed 23040K, reserved 1069056K
  class space    used 2110K, capacity 2254K, committed 2560K, reserved 1048576K
}
Event: 20429.653 GC heap before
{Heap before GC invocations=2339 (full 0):
 garbage-first heap   total 196608K, used 166931K [0x0000000701e00000, 0x00000007c0000000)
  region size 1024K, 115 young (117760K), 1 survivors (1024K)
 Metaspace       used 21794K, capacity 22056K, committed 23040K, reserved 1069056K
  class space    used 2110K, capacity 2254K, committed 2560K, reserved 1048576K
}
Event: 20429.654 GC heap after
{Heap after GC invocations=2340 (full 0):
 garbage-first heap   total 196608K, used 42975K [0x0000000701e00000, 0x00000007c0000000)
  region size 1024K, 1 young (1024K), 1 survivors (1024K)
 Metaspace       used 21794K, capacity 22056K, committed 23040K, reserved 1069056K
  class space    used 2110K, capacity 2254K, committed 2560K, reserved 1048576K
}
Event: 20441.299 GC heap before
{Heap before GC invocations=2340 (full 0):
 garbage-first heap   total 196608K, used 166879K [0x0000000701e00000, 0x00000007c0000000)
  region size 1024K, 115 young (117760K), 1 survivors (1024K)
 Metaspace       used 21794K, capacity 22056K, committed 23040K, reserved 1069056K
  class space    used 2110K, capacity 2254K, committed 2560K, reserved 1048576K
}
Event: 20441.300 GC heap after
{Heap after GC invocations=2341 (full 0):
 garbage-first heap   total 196608K, used 42976K [0x0000000701e00000, 0x00000007c0000000)
  region size 1024K, 1 young (1024K), 1 survivors (1024K)
 Metaspace       used 21794K, capacity 22056K, committed 23040K, reserved 1069056K
  class space    used 2110K, capacity 2254K, committed 2560K, reserved 1048576K
}
Event: 20452.840 GC heap before
{Heap before GC invocations=2341 (full 0):
 garbage-first heap   total 196608K, used 166880K [0x0000000701e00000, 0x00000007c0000000)
  region size 1024K, 115 young (117760K), 1 survivors (1024K)
 Metaspace       used 21794K, capacity 22056K, committed 23040K, reserved 1069056K
  class space    used 2110K, capacity 2254K, committed 2560K, reserved 1048576K
}
Event: 20452.840 GC heap after
{Heap after GC invocations=2342 (full 0):
 garbage-first heap   total 196608K, used 42976K [0x0000000701e00000, 0x00000007c0000000)
  region size 1024K, 1 young (1024K), 1 survivors (1024K)
 Metaspace       used 21794K, capacity 22056K, committed 23040K, reserved 1069056K
  class space    used 2110K, capacity 2254K, committed 2560K, reserved 1048576K
}
Event: 20464.417 GC heap before
{Heap before GC invocations=2342 (full 0):
 garbage-first heap   total 196608K, used 173024K [0x0000000701e00000, 0x00000007c0000000)
  region size 1024K, 115 young (117760K), 1 survivors (1024K)
 Metaspace       used 21794K, capacity 22056K, committed 23040K, reserved 1069056K
  class space    used 2110K, capacity 2254K, committed 2560K, reserved 1048576K
}
Event: 20464.417 GC heap after
{Heap after GC invocations=2343 (full 0):
 garbage-first heap   total 196608K, used 49220K [0x0000000701e00000, 0x00000007c0000000)
  region size 1024K, 1 young (1024K), 1 survivors (1024K)
 Metaspace       used 21794K, capacity 22056K, committed 23040K, reserved 1069056K
  class space    used 2110K, capacity 2254K, committed 2560K, reserved 1048576K
}

Deoptimization events (10 events):
Event: 9123.144 Thread 0x000001ebb97a9800 Uncommon trap: reason=class_check action=maybe_recompile pc=0x000001eb9a539fa8 method=jdk.internal.misc.Unsafe.allocateUninitializedArray(Ljava/lang/Class;I)Ljava/lang/Object; @ 51 c2
Event: 9133.482 Thread 0x000001ebb97a9800 Uncommon trap: reason=class_check action=maybe_recompile pc=0x000001eb9a539fa8 method=jdk.internal.misc.Unsafe.allocateUninitializedArray(Ljava/lang/Class;I)Ljava/lang/Object; @ 51 c2
Event: 9133.483 Thread 0x000001ebb97a9800 Uncommon trap: reason=class_check action=maybe_recompile pc=0x000001eb9a539fa8 method=jdk.internal.misc.Unsafe.allocateUninitializedArray(Ljava/lang/Class;I)Ljava/lang/Object; @ 51 c2
Event: 9133.483 Thread 0x000001ebb97a9800 Uncommon trap: reason=class_check action=maybe_recompile pc=0x000001eb9a539fa8 method=jdk.internal.misc.Unsafe.allocateUninitializedArray(Ljava/lang/Class;I)Ljava/lang/Object; @ 51 c2
Event: 11462.786 Thread 0x000001ebb97aa000 Uncommon trap: reason=unstable_if action=reinterpret pc=0x000001eb9a64806c method=java.util.concurrent.locks.ReentrantLock$Sync.nonfairTryAcquire(I)Z @ 19 c2
Event: 13621.326 Thread 0x000001ebb97aa000 Uncommon trap: reason=unstable_if action=reinterpret pc=0x000001eb9a62cfdc method=java.util.concurrent.locks.ReentrantLock$Sync.nonfairTryAcquire(I)Z @ 19 c2
Event: 13941.723 Thread 0x000001eb8b0fe000 Uncommon trap: reason=class_check action=maybe_recompile pc=0x000001eb9a61d10c method=java.util.Collections$UnmodifiableCollection.isEmpty()Z @ 4 c2
Event: 15398.456 Thread 0x000001ebb97aa000 Uncommon trap: reason=unstable_if action=reinterpret pc=0x000001eb9a478ec0 method=java.util.concurrent.locks.ReentrantLock$Sync.nonfairTryAcquire(I)Z @ 19 c2
Event: 16007.460 Thread 0x000001eb8b0fe000 Uncommon trap: reason=unstable_if action=reinterpret pc=0x000001eb9a69c720 method=java.util.concurrent.locks.ReentrantLock$Sync.nonfairTryAcquire(I)Z @ 19 c2
Event: 16286.985 Thread 0x000001eb8b0fe000 Uncommon trap: reason=unstable_if action=reinterpret pc=0x000001eb9a454a28 method=java.util.concurrent.locks.ReentrantLock$Sync.nonfairTryAcquire(I)Z @ 19 c2

Classes redefined (0 events):
No events

Internal exceptions (10 events):
Event: 0.765 Thread 0x000001eb8b0fe000 Exception <a 'java/lang/NoSuchMethodError'{0x000000070d344a88}: java.lang.invoke.DirectMethodHandle$Holder.invokeStaticInit(Ljava/lang/Object;Ljava/lang/Object;)I> (0x000000070d344a88) thrown at [t:/workspace/open/src/hotspot/share/interpreter/linkResolve
Event: 0.766 Thread 0x000001eb8b0fe000 Exception <a 'java/lang/NoSuchMethodError'{0x000000070d34cde8}: method resolution failed> (0x000000070d34cde8) thrown at [t:/workspace/open/src/hotspot/share/prims/methodHandles.cpp, line 1226]
Event: 0.771 Thread 0x000001eb8b0fe000 Exception <a 'sun/nio/fs/WindowsException'{0x000000070d37d858}> (0x000000070d37d858) thrown at [t:/workspace/open/src/hotspot/share/prims/jni.cpp, line 611]
Event: 0.772 Thread 0x000001eb8b0fe000 Exception <a 'java/lang/NoSuchMethodError'{0x000000070d384c18}: java.lang.Object.lambda$negate$3(I)Z> (0x000000070d384c18) thrown at [t:/workspace/open/src/hotspot/share/interpreter/linkResolver.cpp, line 741]
Event: 0.946 Thread 0x000001eb8b0fe000 Exception <a 'java/lang/NoSuchMethodError'{0x000000070cd9e020}: java.lang.Object.lambda$union$2(Ljava/util/regex/Pattern$CharPredicate;I)Z> (0x000000070cd9e020) thrown at [t:/workspace/open/src/hotspot/share/interpreter/linkResolver.cpp, line 741]
Event: 1.249 Thread 0x000001eb8b0fe000 Implicit null exception at 0x000001eb9a3e0695 to 0x000001eb9a3e075a
Event: 11.252 Thread 0x000001ebb97ad800 Implicit null exception at 0x000001eb9a4592d2 to 0x000001eb9a459433
Event: 11.253 Thread 0x000001ebb97ad800 Implicit null exception at 0x000001eb9a45e8e2 to 0x000001eb9a45ea67
Event: 8509.582 Thread 0x000001eb8b0fe000 Implicit null exception at 0x000001eb9a65cfa4 to 0x000001eb9a65d6e6
Event: 8509.583 Thread 0x000001eb8b0fe000 Implicit null exception at 0x000001eb9a521e3e to 0x000001eb9a521f1a

Events (10 events):
Event: 20464.420 Executing VM operation: RevokeBias
Event: 20464.420 Executing VM operation: RevokeBias done
Event: 20464.420 Executing VM operation: RevokeBias
Event: 20464.420 Executing VM operation: RevokeBias done
Event: 20464.422 Executing VM operation: RevokeBias
Event: 20464.422 Executing VM operation: RevokeBias done
Event: 20464.422 Executing VM operation: RevokeBias
Event: 20464.422 Executing VM operation: RevokeBias done
Event: 20464.423 Executing VM operation: RevokeBias
Event: 20464.423 Executing VM operation: RevokeBias done


Dynamic libraries:
0x00007ff7152f0000 - 0x00007ff71532e000 	C:\Program Files\Java\jre-10.0.1\bin\javaw.exe
0x00007ffd2fab0000 - 0x00007ffd2fc91000 	C:\WINDOWS\SYSTEM32\ntdll.dll
0x00007ffd2f4f0000 - 0x00007ffd2f5a2000 	C:\WINDOWS\System32\KERNEL32.DLL
0x00007ffd2c0c0000 - 0x00007ffd2c333000 	C:\WINDOWS\System32\KERNELBASE.dll
0x00007ffd2f090000 - 0x00007ffd2f131000 	C:\WINDOWS\System32\ADVAPI32.dll
0x00007ffd2f5c0000 - 0x00007ffd2f65e000 	C:\WINDOWS\System32\msvcrt.dll
0x00007ffd2cf40000 - 0x00007ffd2cf9b000 	C:\WINDOWS\System32\sechost.dll
0x00007ffd2f860000 - 0x00007ffd2f984000 	C:\WINDOWS\System32\RPCRT4.dll
0x00007ffd2d5b0000 - 0x00007ffd2d740000 	C:\WINDOWS\System32\USER32.dll
0x00007ffd2bf80000 - 0x00007ffd2bfa0000 	C:\WINDOWS\System32\win32u.dll
0x00007ffd2f1b0000 - 0x00007ffd2f1d8000 	C:\WINDOWS\System32\GDI32.dll
0x00007ffd2c340000 - 0x00007ffd2c4d2000 	C:\WINDOWS\System32\gdi32full.dll
0x00007ffd2c020000 - 0x00007ffd2c0bf000 	C:\WINDOWS\System32\msvcp_win.dll
0x00007ffd2be80000 - 0x00007ffd2bf7a000 	C:\WINDOWS\System32\ucrtbase.dll
0x00007ffd24d70000 - 0x00007ffd24d7a000 	C:\WINDOWS\SYSTEM32\VERSION.dll
0x00007ffd1c460000 - 0x00007ffd1c6c9000 	C:\WINDOWS\WinSxS\amd64_microsoft.windows.common-controls_6595b64144ccf1df_6.0.17134.472_none_fb3f9af53068156d\COMCTL32.dll
0x00007ffd2d810000 - 0x00007ffd2db32000 	C:\WINDOWS\System32\combase.dll
0x00007ffd2bfa0000 - 0x00007ffd2c01a000 	C:\WINDOWS\System32\bcryptPrimitives.dll
0x00007ffd2db40000 - 0x00007ffd2db6d000 	C:\WINDOWS\System32\IMM32.DLL
0x00007ffcfb3c0000 - 0x00007ffcfb4af000 	C:\Program Files\Java\jre-10.0.1\bin\msvcr120.dll
0x00007ffd12100000 - 0x00007ffd121a6000 	C:\Program Files\Java\jre-10.0.1\bin\msvcp120.dll
0x0000000062070000 - 0x0000000062ae0000 	C:\Program Files\Java\jre-10.0.1\bin\server\jvm.dll
0x00007ffd2d800000 - 0x00007ffd2d808000 	C:\WINDOWS\System32\PSAPI.DLL
0x00007ffd22980000 - 0x00007ffd22989000 	C:\WINDOWS\SYSTEM32\WSOCK32.dll
0x00007ffd2f140000 - 0x00007ffd2f1ac000 	C:\WINDOWS\System32\WS2_32.dll
0x00007ffd270c0000 - 0x00007ffd270e3000 	C:\WINDOWS\SYSTEM32\WINMM.dll
0x00007ffd26bf0000 - 0x00007ffd26c1a000 	C:\WINDOWS\SYSTEM32\winmmbase.dll
0x00007ffd2c540000 - 0x00007ffd2c589000 	C:\WINDOWS\System32\cfgmgr32.dll
0x00007ffd22970000 - 0x00007ffd2297f000 	C:\Program Files\Java\jre-10.0.1\bin\verify.dll
0x00007ffd1a000000 - 0x00007ffd1a1c9000 	C:\WINDOWS\SYSTEM32\DBGHELP.DLL
0x00007ffd19360000 - 0x00007ffd19389000 	C:\WINDOWS\SYSTEM32\dbgcore.DLL
0x00007ffd1ba80000 - 0x00007ffd1baa7000 	C:\Program Files\Java\jre-10.0.1\bin\java.dll
0x00007ffd12690000 - 0x00007ffd126a6000 	C:\Program Files\Java\jre-10.0.1\bin\zip.dll
0x00007ffd1bdb0000 - 0x00007ffd1bdba000 	C:\Program Files\Java\jre-10.0.1\bin\jimage.dll
0x00007ffd2db70000 - 0x00007ffd2efb0000 	C:\WINDOWS\System32\SHELL32.dll
0x00007ffd2f260000 - 0x00007ffd2f309000 	C:\WINDOWS\System32\shcore.dll
0x00007ffd2c830000 - 0x00007ffd2cf3d000 	C:\WINDOWS\System32\windows.storage.dll
0x00007ffd2d740000 - 0x00007ffd2d791000 	C:\WINDOWS\System32\shlwapi.dll
0x00007ffd2be00000 - 0x00007ffd2be11000 	C:\WINDOWS\System32\kernel.appcore.dll
0x00007ffd2bde0000 - 0x00007ffd2bdff000 	C:\WINDOWS\System32\profapi.dll
0x00007ffd2be30000 - 0x00007ffd2be7c000 	C:\WINDOWS\System32\powrprof.dll
0x00007ffd2be20000 - 0x00007ffd2be2a000 	C:\WINDOWS\System32\FLTLIB.DLL
0x00007ffd09100000 - 0x00007ffd0929b000 	C:\Program Files\Java\jre-10.0.1\bin\awt.dll
0x00007ffd2efc0000 - 0x00007ffd2f082000 	C:\WINDOWS\System32\OLEAUT32.dll
0x00007ffd28d60000 - 0x00007ffd29327000 	C:\WINDOWS\SYSTEM32\d2d1.dll
0x00007ffd2a250000 - 0x00007ffd2a2db000 	C:\WINDOWS\SYSTEM32\apphelp.dll
0x00007ffd2b790000 - 0x00007ffd2b7a7000 	C:\WINDOWS\SYSTEM32\CRYPTSP.dll
0x00007ffd2b1c0000 - 0x00007ffd2b1f3000 	C:\WINDOWS\system32\rsaenh.dll
0x00007ffd2b8c0000 - 0x00007ffd2b8e5000 	C:\WINDOWS\SYSTEM32\bcrypt.dll
0x00007ffd2bcf0000 - 0x00007ffd2bd18000 	C:\WINDOWS\SYSTEM32\USERENV.dll
0x00007ffd2b7b0000 - 0x00007ffd2b7bb000 	C:\WINDOWS\SYSTEM32\CRYPTBASE.dll
0x00007ffd12670000 - 0x00007ffd1268a000 	C:\Program Files\Java\jre-10.0.1\bin\net.dll
0x00007ffd27700000 - 0x00007ffd277dd000 	C:\WINDOWS\SYSTEM32\WINHTTP.dll
0x00007ffd2b5e0000 - 0x00007ffd2b646000 	C:\WINDOWS\system32\mswsock.dll
0x00007ffd2b360000 - 0x00007ffd2b398000 	C:\WINDOWS\SYSTEM32\IPHLPAPI.DLL
0x00007ffd2efb0000 - 0x00007ffd2efb8000 	C:\WINDOWS\System32\NSI.dll
0x00007ffd24f00000 - 0x00007ffd24f16000 	C:\WINDOWS\SYSTEM32\dhcpcsvc6.DLL
0x00007ffd25050000 - 0x00007ffd2506a000 	C:\WINDOWS\SYSTEM32\dhcpcsvc.DLL
0x00007ffd120e0000 - 0x00007ffd120f1000 	C:\Program Files\Java\jre-10.0.1\bin\nio.dll
0x00007ffd1d1f0000 - 0x00007ffd1d255000 	C:\Program Files\Java\jre-10.0.1\bin\fontmanager.dll
0x00007ffd2a480000 - 0x00007ffd2a518000 	C:\WINDOWS\system32\uxtheme.dll
0x00007ffd2f370000 - 0x00007ffd2f4e3000 	C:\WINDOWS\System32\MSCTF.dll
0x00007ffd2a7c0000 - 0x00007ffd2a7e9000 	C:\WINDOWS\system32\dwmapi.dll
0x00007ffd2f700000 - 0x00007ffd2f851000 	C:\WINDOWS\System32\ole32.dll
0x00007ffd0aee0000 - 0x00007ffd0b000000 	C:\WINDOWS\system32\opengl32.dll
0x00007ffd14ff0000 - 0x00007ffd1501c000 	C:\WINDOWS\SYSTEM32\GLU32.dll
0x00007ffd22610000 - 0x00007ffd227a7000 	C:\WINDOWS\system32\d3d9.dll
0x00007ffd24d80000 - 0x00007ffd24e6b000 	C:\WINDOWS\System32\DriverStore\FileRepository\nv_dispi.inf_amd64_c1a085cc86772d3f\nvldumdx.dll
0x00007ffd2c590000 - 0x00007ffd2c772000 	C:\WINDOWS\System32\crypt32.dll
0x00007ffd2bdc0000 - 0x00007ffd2bdd2000 	C:\WINDOWS\System32\MSASN1.dll
0x00007ffcd3f90000 - 0x00007ffcd519d000 	C:\WINDOWS\System32\DriverStore\FileRepository\nv_dispi.inf_amd64_c1a085cc86772d3f\nvd3dumx.dll
0x00007ffd1c2b0000 - 0x00007ffd1c39c000 	C:\Program Files (x86)\NVIDIA Corporation\3D Vision\nvSCPAPI64.dll
0x00007ffd2d160000 - 0x00007ffd2d5ab000 	C:\WINDOWS\System32\SETUPAPI.dll
0x00007ffcf9b60000 - 0x00007ffcf9dc6000 	C:\WINDOWS\system32\nvspcap64.dll
0x00007ffd2aeb0000 - 0x00007ffd2aee1000 	C:\WINDOWS\SYSTEM32\ntmarta.dll
0x00007ffd24140000 - 0x00007ffd2414b000 	C:\Program Files\Java\jre-10.0.1\bin\sunmscapi.dll
0x00007ffd10920000 - 0x00007ffd10943000 	C:\Program Files\Java\jre-10.0.1\bin\sunec.dll
0x00007ffd2b3b0000 - 0x00007ffd2b46e000 	C:\WINDOWS\SYSTEM32\DNSAPI.dll
0x00007ffd241d0000 - 0x00007ffd241da000 	C:\Windows\System32\rasadhlp.dll
0x00007ffd1c8e0000 - 0x00007ffd1c952000 	C:\WINDOWS\System32\fwpuclnt.dll
0x00007ffd1b6a0000 - 0x00007ffd1b6e2000 	C:\Program Files\Java\jre-10.0.1\bin\t2k.dll
0x00007ffd229c0000 - 0x00007ffd22a56000 	C:\WINDOWS\System32\TextInputFramework.dll
0x00007ffd2a010000 - 0x00007ffd2a0ea000 	C:\WINDOWS\System32\CoreMessaging.dll
0x00007ffd25070000 - 0x00007ffd2538e000 	C:\WINDOWS\System32\CoreUIComponents.dll
0x00007ffd27f40000 - 0x00007ffd2808d000 	C:\WINDOWS\SYSTEM32\wintypes.dll

dbghelp: loaded successfully - version: 4.0.5 - missing functions: none
symbol engine: initialized successfully - sym options: 0x614 - pdb path: .;C:\Program Files\Java\jre-10.0.1\bin;C:\WINDOWS\SYSTEM32;C:\WINDOWS\WinSxS\amd64_microsoft.windows.common-controls_6595b64144ccf1df_6.0.17134.472_none_fb3f9af53068156d;C:\Program Files\Java\jre-10.0.1\bin\server;C:\WINDOWS\System32\DriverStore\FileRepository\nv_dispi.inf_amd64_c1a085cc86772d3f;C:\Program Files (x86)\NVIDIA Corporation\3D Vision

VM Arguments:
jvm_args: -Dfile.encoding=Cp1252 
java_command: com.tylerroyer.ttr_helper.driver.Driver
java_class_path (initial): C:\Users\Tyler\Documents\Programming\Java Workspaces\Private\TTR Helper\bin;C:\Users\Tyler\Documents\Programming\Java Workspaces\Private\TTR Helper\json-20180813.jar
Launcher Type: SUN_STANDARD

Logging:
Log output configuration:
#0: stdout all=warning uptime,level,tags
#1: stderr all=off uptime,level,tags

Environment Variables:
PATH=C:\Program Files (x86)\Common Files\Oracle\Java\javapath;C:\ProgramData\Oracle\Java\javapath;C:\WINDOWS\system32;C:\WINDOWS;C:\WINDOWS\System32\Wbem;C:\WINDOWS\System32\WindowsPowerShell\v1.0\;C:\Program Files (x86)\NVIDIA Corporation\PhysX\Common;C:\Program Files\Microsoft SQL Server\130\Tools\Binn\;C:\Program Files (x86)\GtkSharp\2.12\bin;C:\Program Files\PuTTY\;C:\WINDOWS\system32;C:\WINDOWS;C:\WINDOWS\System32\Wbem;C:\WINDOWS\System32\WindowsPowerShell\v1.0\;C:\WINDOWS\System32\OpenSSH\;C:\Program Files\Microsoft VS Code\bin;C:\Program Files\Git\cmd;C:\Program Files\erl10.1\usr\bin\env;C:\Users\Tyler\AppData\Local\Microsoft\WindowsApps;C:\Program Files\erl10.1;C:\Users\Tyler\AppData\Local\Microsoft\WindowsApps;
USERNAME=Tyler
OS=Windows_NT
PROCESSOR_IDENTIFIER=Intel64 Family 6 Model 60 Stepping 3, GenuineIntel



---------------  S Y S T E M  ---------------

OS: Windows 10 , 64 bit Build 17134 (10.0.17134.1)

CPU:total 8 (initial active 8) (4 cores per cpu, 2 threads per core) family 6 model 60 stepping 3, cmov, cx8, fxsr, mmx, sse, sse2, sse3, ssse3, sse4.1, sse4.2, popcnt, avx, avx2, aes, clmul, erms, lzcnt, ht, tsc, tscinvbit, bmi1, bmi2, fma

Memory: 4k page, physical 12453080k(7499036k free), swap 14355752k(6558944k free)

vm_info: Java HotSpot(TM) 64-Bit Server VM (10.0.1+10) for windows-amd64 JRE (10.0.1+10), built on Mar 27 2018 02:27:48 by "mach5one" with MS VC++ 12.0 (VS2013)

END.
